{"C:\\Users\\Admin\\Desktop\\Orbital\\eats_by_js\\component\\BackButton.js": {"path":"C:\\Users\\Admin\\Desktop\\Orbital\\eats_by_js\\component\\BackButton.js","statementMap":{"0":{"start":{"line":4,"column":19},"end":{"line":12,"column":1}},"1":{"start":{"line":5,"column":4},"end":{"line":11,"column":5}},"2":{"start":{"line":16,"column":15},"end":{"line":27,"column":2}}},"fnMap":{"0":{"name":"(anonymous_0)","decl":{"start":{"line":4,"column":19},"end":{"line":4,"column":20}},"loc":{"start":{"line":4,"column":30},"end":{"line":12,"column":1}},"line":4}},"branchMap":{},"s":{"0":1,"1":1,"2":1},"f":{"0":1},"b":{},"_coverageSchema":"43e27e138ebf9cfc5966b082cf9a028302ed4184","hash":"154eb48dce1d14cd0dcaa064383241da8c2d83b6"}
,"C:\\Users\\Admin\\Desktop\\Orbital\\eats_by_js\\component\\DishButton.js": {"path":"C:\\Users\\Admin\\Desktop\\Orbital\\eats_by_js\\component\\DishButton.js","statementMap":{"0":{"start":{"line":4,"column":19},"end":{"line":17,"column":1}},"1":{"start":{"line":6,"column":51},"end":{"line":6,"column":56}},"2":{"start":{"line":8,"column":4},"end":{"line":16,"column":5}},"3":{"start":{"line":21,"column":15},"end":{"line":57,"column":2}}},"fnMap":{"0":{"name":"(anonymous_0)","decl":{"start":{"line":4,"column":19},"end":{"line":4,"column":20}},"loc":{"start":{"line":4,"column":30},"end":{"line":17,"column":1}},"line":4}},"branchMap":{},"s":{"0":1,"1":1,"2":1,"3":1},"f":{"0":1},"b":{},"_coverageSchema":"43e27e138ebf9cfc5966b082cf9a028302ed4184","hash":"7cc179227b7b0a72275875058c5e11ae1f513174"}
,"C:\\Users\\Admin\\Desktop\\Orbital\\eats_by_js\\component\\Loading.js": {"path":"C:\\Users\\Admin\\Desktop\\Orbital\\eats_by_js\\component\\Loading.js","statementMap":{"0":{"start":{"line":6,"column":8},"end":{"line":6,"column":21}},"1":{"start":{"line":7,"column":8},"end":{"line":9,"column":9}},"2":{"start":{"line":13,"column":8},"end":{"line":19,"column":18}},"3":{"start":{"line":23,"column":21},"end":{"line":26,"column":10}},"4":{"start":{"line":27,"column":8},"end":{"line":33,"column":9}},"5":{"start":{"line":39,"column":15},"end":{"line":45,"column":2}}},"fnMap":{"0":{"name":"(anonymous_0)","decl":{"start":{"line":5,"column":4},"end":{"line":5,"column":5}},"loc":{"start":{"line":5,"column":23},"end":{"line":10,"column":5}},"line":5},"1":{"name":"(anonymous_1)","decl":{"start":{"line":12,"column":4},"end":{"line":12,"column":5}},"loc":{"start":{"line":12,"column":24},"end":{"line":20,"column":5}},"line":12},"2":{"name":"(anonymous_2)","decl":{"start":{"line":22,"column":4},"end":{"line":22,"column":5}},"loc":{"start":{"line":22,"column":13},"end":{"line":34,"column":5}},"line":22}},"branchMap":{},"s":{"0":1,"1":1,"2":0,"3":1,"4":1,"5":1},"f":{"0":1,"1":0,"2":1},"b":{},"_coverageSchema":"43e27e138ebf9cfc5966b082cf9a028302ed4184","hash":"c8ade0f10d4da046034077304582c30800cb5a03"}
,"C:\\Users\\Admin\\Desktop\\Orbital\\eats_by_js\\component\\LoginButton.js": {"path":"C:\\Users\\Admin\\Desktop\\Orbital\\eats_by_js\\component\\LoginButton.js","statementMap":{"0":{"start":{"line":4,"column":20},"end":{"line":12,"column":1}},"1":{"start":{"line":5,"column":4},"end":{"line":11,"column":5}},"2":{"start":{"line":16,"column":15},"end":{"line":38,"column":2}}},"fnMap":{"0":{"name":"(anonymous_0)","decl":{"start":{"line":4,"column":20},"end":{"line":4,"column":21}},"loc":{"start":{"line":4,"column":30},"end":{"line":12,"column":1}},"line":4}},"branchMap":{},"s":{"0":1,"1":1,"2":1},"f":{"0":1},"b":{},"_coverageSchema":"43e27e138ebf9cfc5966b082cf9a028302ed4184","hash":"1e47ab620117c8e96f02a48e1cefb201a02a49aa"}
,"C:\\Users\\Admin\\Desktop\\Orbital\\eats_by_js\\component\\MenuButton.js": {"path":"C:\\Users\\Admin\\Desktop\\Orbital\\eats_by_js\\component\\MenuButton.js","statementMap":{"0":{"start":{"line":5,"column":19},"end":{"line":13,"column":1}},"1":{"start":{"line":6,"column":4},"end":{"line":12,"column":5}},"2":{"start":{"line":17,"column":15},"end":{"line":27,"column":2}}},"fnMap":{"0":{"name":"(anonymous_0)","decl":{"start":{"line":5,"column":19},"end":{"line":5,"column":20}},"loc":{"start":{"line":5,"column":30},"end":{"line":13,"column":1}},"line":5}},"branchMap":{},"s":{"0":2,"1":1,"2":2},"f":{"0":1},"b":{},"_coverageSchema":"43e27e138ebf9cfc5966b082cf9a028302ed4184","hash":"2d95c1347078482d8cad8403233470348ddc3bdc"}
,"C:\\Users\\Admin\\Desktop\\Orbital\\eats_by_js\\component\\PageButton.js": {"path":"C:\\Users\\Admin\\Desktop\\Orbital\\eats_by_js\\component\\PageButton.js","statementMap":{"0":{"start":{"line":4,"column":19},"end":{"line":12,"column":1}},"1":{"start":{"line":5,"column":4},"end":{"line":11,"column":5}},"2":{"start":{"line":16,"column":15},"end":{"line":38,"column":2}}},"fnMap":{"0":{"name":"(anonymous_0)","decl":{"start":{"line":4,"column":19},"end":{"line":4,"column":20}},"loc":{"start":{"line":4,"column":29},"end":{"line":12,"column":1}},"line":4}},"branchMap":{},"s":{"0":1,"1":1,"2":1},"f":{"0":1},"b":{},"_coverageSchema":"43e27e138ebf9cfc5966b082cf9a028302ed4184","hash":"7a802be6d3979d5d6f9c01a9a1040c80bce0ba3a"}
,"C:\\Users\\Admin\\Desktop\\Orbital\\eats_by_js\\component\\RestaurantButton.js": {"path":"C:\\Users\\Admin\\Desktop\\Orbital\\eats_by_js\\component\\RestaurantButton.js","statementMap":{"0":{"start":{"line":5,"column":25},"end":{"line":75,"column":1}},"1":{"start":{"line":7,"column":106},"end":{"line":7,"column":111}},"2":{"start":{"line":9,"column":33},"end":{"line":24,"column":5}},"3":{"start":{"line":27,"column":4},"end":{"line":74,"column":5}},"4":{"start":{"line":44,"column":32},"end":{"line":47,"column":34}},"5":{"start":{"line":79,"column":15},"end":{"line":175,"column":2}}},"fnMap":{"0":{"name":"(anonymous_0)","decl":{"start":{"line":5,"column":25},"end":{"line":5,"column":26}},"loc":{"start":{"line":5,"column":36},"end":{"line":75,"column":1}},"line":5},"1":{"name":"(anonymous_1)","decl":{"start":{"line":43,"column":39},"end":{"line":43,"column":40}},"loc":{"start":{"line":44,"column":32},"end":{"line":47,"column":34}},"line":44}},"branchMap":{"0":{"loc":{"start":{"line":10,"column":25},"end":{"line":16,"column":31}},"type":"cond-expr","locations":[{"start":{"line":11,"column":14},"end":{"line":11,"column":23}},{"start":{"line":12,"column":14},"end":{"line":16,"column":31}}],"line":10},"1":{"loc":{"start":{"line":12,"column":14},"end":{"line":16,"column":31}},"type":"cond-expr","locations":[{"start":{"line":13,"column":18},"end":{"line":13,"column":27}},{"start":{"line":14,"column":18},"end":{"line":16,"column":31}}],"line":12},"2":{"loc":{"start":{"line":14,"column":18},"end":{"line":16,"column":31}},"type":"cond-expr","locations":[{"start":{"line":15,"column":22},"end":{"line":15,"column":31}},{"start":{"line":16,"column":22},"end":{"line":16,"column":31}}],"line":14},"3":{"loc":{"start":{"line":34,"column":25},"end":{"line":34,"column":118}},"type":"binary-expr","locations":[{"start":{"line":34,"column":25},"end":{"line":34,"column":45}},{"start":{"line":34,"column":49},"end":{"line":34,"column":118}}],"line":34},"4":{"loc":{"start":{"line":35,"column":25},"end":{"line":35,"column":118}},"type":"binary-expr","locations":[{"start":{"line":35,"column":25},"end":{"line":35,"column":45}},{"start":{"line":35,"column":49},"end":{"line":35,"column":118}}],"line":35},"5":{"loc":{"start":{"line":36,"column":25},"end":{"line":36,"column":120}},"type":"binary-expr","locations":[{"start":{"line":36,"column":25},"end":{"line":36,"column":47}},{"start":{"line":36,"column":51},"end":{"line":36,"column":120}}],"line":36},"6":{"loc":{"start":{"line":49,"column":29},"end":{"line":49,"column":61}},"type":"binary-expr","locations":[{"start":{"line":49,"column":29},"end":{"line":49,"column":34}},{"start":{"line":49,"column":38},"end":{"line":49,"column":61}}],"line":49},"7":{"loc":{"start":{"line":61,"column":29},"end":{"line":67,"column":115}},"type":"cond-expr","locations":[{"start":{"line":62,"column":34},"end":{"line":62,"column":73}},{"start":{"line":63,"column":34},"end":{"line":67,"column":115}}],"line":61},"8":{"loc":{"start":{"line":63,"column":34},"end":{"line":67,"column":115}},"type":"cond-expr","locations":[{"start":{"line":64,"column":38},"end":{"line":64,"column":110}},{"start":{"line":65,"column":38},"end":{"line":67,"column":115}}],"line":63},"9":{"loc":{"start":{"line":65,"column":38},"end":{"line":67,"column":115}},"type":"cond-expr","locations":[{"start":{"line":66,"column":42},"end":{"line":66,"column":114}},{"start":{"line":67,"column":42},"end":{"line":67,"column":115}}],"line":65},"10":{"loc":{"start":{"line":68,"column":29},"end":{"line":68,"column":123}},"type":"binary-expr","locations":[{"start":{"line":68,"column":29},"end":{"line":68,"column":51}},{"start":{"line":68,"column":55},"end":{"line":68,"column":123}}],"line":68}},"s":{"0":1,"1":1,"2":1,"3":1,"4":0,"5":1},"f":{"0":1,"1":0},"b":{"0":[0,1],"1":[0,1],"2":[0,1],"3":[0,0],"4":[0,0],"5":[0,0],"6":[0,0],"7":[0,0],"8":[0,0],"9":[0,0],"10":[0,0]},"_coverageSchema":"43e27e138ebf9cfc5966b082cf9a028302ed4184","hash":"3eba4e4ffa8b0f7821d6ecebd9be0fa61e2e7240"}
,"C:\\Users\\Admin\\Desktop\\Orbital\\eats_by_js\\component\\Review.js": {"path":"C:\\Users\\Admin\\Desktop\\Orbital\\eats_by_js\\component\\Review.js","statementMap":{"0":{"start":{"line":5,"column":15},"end":{"line":21,"column":1}},"1":{"start":{"line":6,"column":52},"end":{"line":6,"column":57}},"2":{"start":{"line":7,"column":28},"end":{"line":7,"column":40}},"3":{"start":{"line":8,"column":4},"end":{"line":10,"column":10}},"4":{"start":{"line":9,"column":8},"end":{"line":9,"column":65}},"5":{"start":{"line":9,"column":42},"end":{"line":9,"column":64}},"6":{"start":{"line":11,"column":4},"end":{"line":20,"column":5}},"7":{"start":{"line":25,"column":15},"end":{"line":64,"column":2}}},"fnMap":{"0":{"name":"(anonymous_0)","decl":{"start":{"line":5,"column":15},"end":{"line":5,"column":16}},"loc":{"start":{"line":5,"column":26},"end":{"line":21,"column":1}},"line":5},"1":{"name":"(anonymous_1)","decl":{"start":{"line":8,"column":14},"end":{"line":8,"column":15}},"loc":{"start":{"line":8,"column":20},"end":{"line":10,"column":5}},"line":8},"2":{"name":"(anonymous_2)","decl":{"start":{"line":9,"column":34},"end":{"line":9,"column":35}},"loc":{"start":{"line":9,"column":42},"end":{"line":9,"column":64}},"line":9}},"branchMap":{},"s":{"0":1,"1":1,"2":1,"3":1,"4":0,"5":0,"6":1,"7":1},"f":{"0":1,"1":0,"2":0},"b":{},"_coverageSchema":"43e27e138ebf9cfc5966b082cf9a028302ed4184","hash":"b5ca4d5453171e0a0a37eebfba0dacfef49ba202"}
,"C:\\Users\\Admin\\Desktop\\Orbital\\eats_by_js\\component\\Tag.js": {"path":"C:\\Users\\Admin\\Desktop\\Orbital\\eats_by_js\\component\\Tag.js","statementMap":{"0":{"start":{"line":4,"column":12},"end":{"line":14,"column":1}},"1":{"start":{"line":5,"column":4},"end":{"line":13,"column":5}},"2":{"start":{"line":18,"column":15},"end":{"line":31,"column":2}}},"fnMap":{"0":{"name":"(anonymous_0)","decl":{"start":{"line":4,"column":12},"end":{"line":4,"column":13}},"loc":{"start":{"line":4,"column":23},"end":{"line":14,"column":1}},"line":4}},"branchMap":{},"s":{"0":2,"1":1,"2":2},"f":{"0":1},"b":{},"_coverageSchema":"43e27e138ebf9cfc5966b082cf9a028302ed4184","hash":"18361de2cbb447db003feac8b4d7b7999cf264b9"}
,"C:\\Users\\Admin\\Desktop\\Orbital\\eats_by_js\\container\\SearchBarForMenu.js": {"path":"C:\\Users\\Admin\\Desktop\\Orbital\\eats_by_js\\container\\SearchBarForMenu.js","statementMap":{"0":{"start":{"line":6,"column":60},"end":{"line":6,"column":70}},"1":{"start":{"line":7,"column":8},"end":{"line":23,"column":9}},"2":{"start":{"line":29,"column":20},"end":{"line":29,"column":50}},"3":{"start":{"line":31,"column":15},"end":{"line":73,"column":2}}},"fnMap":{"0":{"name":"(anonymous_0)","decl":{"start":{"line":5,"column":4},"end":{"line":5,"column":5}},"loc":{"start":{"line":5,"column":13},"end":{"line":24,"column":5}},"line":5}},"branchMap":{},"s":{"0":1,"1":1,"2":1,"3":1},"f":{"0":1},"b":{},"_coverageSchema":"43e27e138ebf9cfc5966b082cf9a028302ed4184","hash":"a584efc04aa3334bebd3cecb9b376ae74fa04835"}
,"C:\\Users\\Admin\\Desktop\\Orbital\\eats_by_js\\container\\SearchButton.js": {"path":"C:\\Users\\Admin\\Desktop\\Orbital\\eats_by_js\\container\\SearchButton.js","statementMap":{"0":{"start":{"line":7,"column":12},"end":{"line":11,"column":5}},"1":{"start":{"line":14,"column":8},"end":{"line":16,"column":15}},"2":{"start":{"line":15,"column":16},"end":{"line":15,"column":32}},"3":{"start":{"line":20,"column":8},"end":{"line":20,"column":21}},"4":{"start":{"line":23,"column":23},"end":{"line":23,"column":50}},"5":{"start":{"line":25,"column":15},"end":{"line":37,"column":5}},"6":{"start":{"line":26,"column":8},"end":{"line":28,"column":10}},"7":{"start":{"line":29,"column":8},"end":{"line":32,"column":18}},"8":{"start":{"line":33,"column":8},"end":{"line":36,"column":18}},"9":{"start":{"line":39,"column":16},"end":{"line":42,"column":5}},"10":{"start":{"line":40,"column":8},"end":{"line":40,"column":45}},"11":{"start":{"line":41,"column":8},"end":{"line":41,"column":24}},"12":{"start":{"line":44,"column":18},"end":{"line":54,"column":5}},"13":{"start":{"line":45,"column":8},"end":{"line":48,"column":18}},"14":{"start":{"line":49,"column":8},"end":{"line":52,"column":18}},"15":{"start":{"line":53,"column":8},"end":{"line":53,"column":38}},"16":{"start":{"line":57,"column":42},"end":{"line":57,"column":52}},"17":{"start":{"line":58,"column":57},"end":{"line":58,"column":67}},"18":{"start":{"line":59,"column":30},"end":{"line":59,"column":78}},"19":{"start":{"line":60,"column":8},"end":{"line":84,"column":9}},"20":{"start":{"line":90,"column":20},"end":{"line":90,"column":50}},"21":{"start":{"line":92,"column":15},"end":{"line":128,"column":2}}},"fnMap":{"0":{"name":"(anonymous_0)","decl":{"start":{"line":13,"column":4},"end":{"line":13,"column":5}},"loc":{"start":{"line":13,"column":24},"end":{"line":17,"column":5}},"line":13},"1":{"name":"(anonymous_1)","decl":{"start":{"line":14,"column":63},"end":{"line":14,"column":64}},"loc":{"start":{"line":14,"column":69},"end":{"line":16,"column":13}},"line":14},"2":{"name":"(anonymous_2)","decl":{"start":{"line":19,"column":4},"end":{"line":19,"column":5}},"loc":{"start":{"line":19,"column":27},"end":{"line":21,"column":5}},"line":19},"3":{"name":"(anonymous_3)","decl":{"start":{"line":25,"column":15},"end":{"line":25,"column":16}},"loc":{"start":{"line":25,"column":21},"end":{"line":37,"column":5}},"line":25},"4":{"name":"(anonymous_4)","decl":{"start":{"line":39,"column":16},"end":{"line":39,"column":17}},"loc":{"start":{"line":39,"column":22},"end":{"line":42,"column":5}},"line":39},"5":{"name":"(anonymous_5)","decl":{"start":{"line":44,"column":18},"end":{"line":44,"column":19}},"loc":{"start":{"line":44,"column":24},"end":{"line":54,"column":5}},"line":44},"6":{"name":"(anonymous_6)","decl":{"start":{"line":56,"column":4},"end":{"line":56,"column":5}},"loc":{"start":{"line":56,"column":13},"end":{"line":85,"column":5}},"line":56}},"branchMap":{"0":{"loc":{"start":{"line":64,"column":21},"end":{"line":78,"column":149}},"type":"cond-expr","locations":[{"start":{"line":65,"column":26},"end":{"line":77,"column":31}},{"start":{"line":78,"column":26},"end":{"line":78,"column":149}}],"line":64},"1":{"loc":{"start":{"line":74,"column":43},"end":{"line":74,"column":95}},"type":"cond-expr","locations":[{"start":{"line":74,"column":68},"end":{"line":74,"column":81}},{"start":{"line":74,"column":84},"end":{"line":74,"column":95}}],"line":74},"2":{"loc":{"start":{"line":81,"column":21},"end":{"line":81,"column":120}},"type":"binary-expr","locations":[{"start":{"line":81,"column":21},"end":{"line":81,"column":29}},{"start":{"line":81,"column":33},"end":{"line":81,"column":120}}],"line":81}},"s":{"0":1,"1":0,"2":0,"3":0,"4":1,"5":1,"6":0,"7":0,"8":0,"9":1,"10":0,"11":0,"12":1,"13":0,"14":0,"15":0,"16":1,"17":1,"18":1,"19":1,"20":1,"21":1},"f":{"0":0,"1":0,"2":0,"3":0,"4":0,"5":0,"6":1},"b":{"0":[0,1],"1":[0,0],"2":[0,0]},"_coverageSchema":"43e27e138ebf9cfc5966b082cf9a028302ed4184","hash":"42eaf753f59fa867d13dadd6fdc60396c7077094"}
,"C:\\Users\\Admin\\Desktop\\Orbital\\eats_by_js\\helpers\\apiHelpers.js": {"path":"C:\\Users\\Admin\\Desktop\\Orbital\\eats_by_js\\helpers\\apiHelpers.js","statementMap":{"0":{"start":{"line":26,"column":13},"end":{"line":26,"column":52}},"1":{"start":{"line":29,"column":25},"end":{"line":32,"column":5}},"2":{"start":{"line":33,"column":4},"end":{"line":35,"column":32}},"3":{"start":{"line":34,"column":21},"end":{"line":34,"column":31}},"4":{"start":{"line":35,"column":22},"end":{"line":35,"column":31}},"5":{"start":{"line":39,"column":25},"end":{"line":42,"column":5}},"6":{"start":{"line":43,"column":4},"end":{"line":45,"column":32}},"7":{"start":{"line":44,"column":21},"end":{"line":44,"column":31}},"8":{"start":{"line":45,"column":22},"end":{"line":45,"column":31}},"9":{"start":{"line":49,"column":25},"end":{"line":52,"column":5}},"10":{"start":{"line":53,"column":4},"end":{"line":55,"column":32}},"11":{"start":{"line":54,"column":21},"end":{"line":54,"column":31}},"12":{"start":{"line":55,"column":22},"end":{"line":55,"column":31}},"13":{"start":{"line":59,"column":25},"end":{"line":62,"column":5}},"14":{"start":{"line":63,"column":4},"end":{"line":65,"column":32}},"15":{"start":{"line":64,"column":21},"end":{"line":64,"column":31}},"16":{"start":{"line":65,"column":22},"end":{"line":65,"column":31}},"17":{"start":{"line":69,"column":25},"end":{"line":72,"column":5}},"18":{"start":{"line":73,"column":4},"end":{"line":75,"column":32}},"19":{"start":{"line":74,"column":21},"end":{"line":74,"column":31}},"20":{"start":{"line":75,"column":22},"end":{"line":75,"column":31}},"21":{"start":{"line":79,"column":25},"end":{"line":82,"column":5}},"22":{"start":{"line":83,"column":4},"end":{"line":85,"column":32}},"23":{"start":{"line":84,"column":21},"end":{"line":84,"column":31}},"24":{"start":{"line":85,"column":22},"end":{"line":85,"column":31}},"25":{"start":{"line":89,"column":20},"end":{"line":89,"column":33}},"26":{"start":{"line":90,"column":4},"end":{"line":90,"column":57}},"27":{"start":{"line":92,"column":14},"end":{"line":101,"column":10}},"28":{"start":{"line":103,"column":25},"end":{"line":108,"column":5}},"29":{"start":{"line":110,"column":4},"end":{"line":110,"column":51}},"30":{"start":{"line":114,"column":20},"end":{"line":114,"column":33}},"31":{"start":{"line":115,"column":4},"end":{"line":115,"column":57}},"32":{"start":{"line":117,"column":14},"end":{"line":117,"column":50}},"33":{"start":{"line":119,"column":25},"end":{"line":124,"column":5}},"34":{"start":{"line":126,"column":4},"end":{"line":127,"column":43}},"35":{"start":{"line":127,"column":26},"end":{"line":127,"column":41}},"36":{"start":{"line":131,"column":20},"end":{"line":131,"column":33}},"37":{"start":{"line":132,"column":4},"end":{"line":132,"column":57}},"38":{"start":{"line":133,"column":4},"end":{"line":133,"column":57}},"39":{"start":{"line":135,"column":25},"end":{"line":139,"column":5}},"40":{"start":{"line":141,"column":4},"end":{"line":143,"column":40}},"41":{"start":{"line":142,"column":26},"end":{"line":142,"column":41}},"42":{"start":{"line":143,"column":26},"end":{"line":143,"column":39}},"43":{"start":{"line":147,"column":20},"end":{"line":147,"column":33}},"44":{"start":{"line":148,"column":4},"end":{"line":148,"column":57}},"45":{"start":{"line":151,"column":25},"end":{"line":155,"column":5}},"46":{"start":{"line":157,"column":4},"end":{"line":159,"column":40}},"47":{"start":{"line":158,"column":26},"end":{"line":158,"column":41}},"48":{"start":{"line":159,"column":26},"end":{"line":159,"column":39}},"49":{"start":{"line":175,"column":20},"end":{"line":175,"column":33}},"50":{"start":{"line":176,"column":4},"end":{"line":176,"column":57}},"51":{"start":{"line":177,"column":4},"end":{"line":177,"column":57}},"52":{"start":{"line":179,"column":14},"end":{"line":183,"column":6}},"53":{"start":{"line":185,"column":25},"end":{"line":190,"column":5}},"54":{"start":{"line":192,"column":4},"end":{"line":193,"column":42}},"55":{"start":{"line":193,"column":26},"end":{"line":193,"column":41}},"56":{"start":{"line":197,"column":20},"end":{"line":197,"column":33}},"57":{"start":{"line":198,"column":4},"end":{"line":198,"column":57}},"58":{"start":{"line":201,"column":25},"end":{"line":205,"column":5}},"59":{"start":{"line":207,"column":4},"end":{"line":208,"column":42}},"60":{"start":{"line":208,"column":26},"end":{"line":208,"column":41}},"61":{"start":{"line":212,"column":20},"end":{"line":212,"column":33}},"62":{"start":{"line":213,"column":4},"end":{"line":213,"column":57}},"63":{"start":{"line":215,"column":25},"end":{"line":219,"column":5}},"64":{"start":{"line":221,"column":4},"end":{"line":222,"column":42}},"65":{"start":{"line":222,"column":26},"end":{"line":222,"column":41}}},"fnMap":{"0":{"name":"getRestaurantsFromApi","decl":{"start":{"line":28,"column":16},"end":{"line":28,"column":37}},"loc":{"start":{"line":28,"column":40},"end":{"line":36,"column":1}},"line":28},"1":{"name":"(anonymous_1)","decl":{"start":{"line":34,"column":14},"end":{"line":34,"column":15}},"loc":{"start":{"line":34,"column":21},"end":{"line":34,"column":31}},"line":34},"2":{"name":"(anonymous_2)","decl":{"start":{"line":35,"column":14},"end":{"line":35,"column":15}},"loc":{"start":{"line":35,"column":22},"end":{"line":35,"column":31}},"line":35},"3":{"name":"getPaginatedRestaurantsFromApi","decl":{"start":{"line":38,"column":16},"end":{"line":38,"column":46}},"loc":{"start":{"line":38,"column":80},"end":{"line":46,"column":1}},"line":38},"4":{"name":"(anonymous_4)","decl":{"start":{"line":44,"column":14},"end":{"line":44,"column":15}},"loc":{"start":{"line":44,"column":21},"end":{"line":44,"column":31}},"line":44},"5":{"name":"(anonymous_5)","decl":{"start":{"line":45,"column":14},"end":{"line":45,"column":15}},"loc":{"start":{"line":45,"column":22},"end":{"line":45,"column":31}},"line":45},"6":{"name":"getRestaurantFromApi","decl":{"start":{"line":48,"column":16},"end":{"line":48,"column":36}},"loc":{"start":{"line":48,"column":52},"end":{"line":56,"column":1}},"line":48},"7":{"name":"(anonymous_7)","decl":{"start":{"line":54,"column":14},"end":{"line":54,"column":15}},"loc":{"start":{"line":54,"column":21},"end":{"line":54,"column":31}},"line":54},"8":{"name":"(anonymous_8)","decl":{"start":{"line":55,"column":14},"end":{"line":55,"column":15}},"loc":{"start":{"line":55,"column":22},"end":{"line":55,"column":31}},"line":55},"9":{"name":"getTagsFromApi","decl":{"start":{"line":58,"column":16},"end":{"line":58,"column":30}},"loc":{"start":{"line":58,"column":33},"end":{"line":66,"column":1}},"line":58},"10":{"name":"(anonymous_10)","decl":{"start":{"line":64,"column":14},"end":{"line":64,"column":15}},"loc":{"start":{"line":64,"column":21},"end":{"line":64,"column":31}},"line":64},"11":{"name":"(anonymous_11)","decl":{"start":{"line":65,"column":14},"end":{"line":65,"column":15}},"loc":{"start":{"line":65,"column":22},"end":{"line":65,"column":31}},"line":65},"12":{"name":"getDishesFromApi","decl":{"start":{"line":68,"column":16},"end":{"line":68,"column":32}},"loc":{"start":{"line":68,"column":48},"end":{"line":76,"column":1}},"line":68},"13":{"name":"(anonymous_13)","decl":{"start":{"line":74,"column":14},"end":{"line":74,"column":15}},"loc":{"start":{"line":74,"column":21},"end":{"line":74,"column":31}},"line":74},"14":{"name":"(anonymous_14)","decl":{"start":{"line":75,"column":14},"end":{"line":75,"column":15}},"loc":{"start":{"line":75,"column":22},"end":{"line":75,"column":31}},"line":75},"15":{"name":"getRestaurantTagsFromApi","decl":{"start":{"line":78,"column":16},"end":{"line":78,"column":40}},"loc":{"start":{"line":78,"column":56},"end":{"line":86,"column":1}},"line":78},"16":{"name":"(anonymous_16)","decl":{"start":{"line":84,"column":14},"end":{"line":84,"column":15}},"loc":{"start":{"line":84,"column":21},"end":{"line":84,"column":31}},"line":84},"17":{"name":"(anonymous_17)","decl":{"start":{"line":85,"column":14},"end":{"line":85,"column":15}},"loc":{"start":{"line":85,"column":22},"end":{"line":85,"column":31}},"line":85},"18":{"name":"postSignUp","decl":{"start":{"line":88,"column":16},"end":{"line":88,"column":26}},"loc":{"start":{"line":88,"column":47},"end":{"line":111,"column":1}},"line":88},"19":{"name":"postLogin","decl":{"start":{"line":113,"column":16},"end":{"line":113,"column":25}},"loc":{"start":{"line":113,"column":46},"end":{"line":128,"column":1}},"line":113},"20":{"name":"(anonymous_20)","decl":{"start":{"line":127,"column":14},"end":{"line":127,"column":15}},"loc":{"start":{"line":127,"column":26},"end":{"line":127,"column":41}},"line":127},"21":{"name":"getProfileData","decl":{"start":{"line":130,"column":16},"end":{"line":130,"column":30}},"loc":{"start":{"line":130,"column":38},"end":{"line":144,"column":1}},"line":130},"22":{"name":"(anonymous_22)","decl":{"start":{"line":142,"column":14},"end":{"line":142,"column":15}},"loc":{"start":{"line":142,"column":26},"end":{"line":142,"column":41}},"line":142},"23":{"name":"(anonymous_23)","decl":{"start":{"line":143,"column":14},"end":{"line":143,"column":15}},"loc":{"start":{"line":143,"column":26},"end":{"line":143,"column":39}},"line":143},"24":{"name":"getReviewsForRestaurant","decl":{"start":{"line":146,"column":16},"end":{"line":146,"column":39}},"loc":{"start":{"line":146,"column":55},"end":{"line":160,"column":1}},"line":146},"25":{"name":"(anonymous_25)","decl":{"start":{"line":158,"column":14},"end":{"line":158,"column":15}},"loc":{"start":{"line":158,"column":26},"end":{"line":158,"column":41}},"line":158},"26":{"name":"(anonymous_26)","decl":{"start":{"line":159,"column":14},"end":{"line":159,"column":15}},"loc":{"start":{"line":159,"column":26},"end":{"line":159,"column":39}},"line":159},"27":{"name":"postReview","decl":{"start":{"line":162,"column":16},"end":{"line":162,"column":26}},"loc":{"start":{"line":162,"column":55},"end":{"line":194,"column":1}},"line":162},"28":{"name":"(anonymous_28)","decl":{"start":{"line":193,"column":14},"end":{"line":193,"column":15}},"loc":{"start":{"line":193,"column":26},"end":{"line":193,"column":41}},"line":193},"29":{"name":"getUsername","decl":{"start":{"line":196,"column":16},"end":{"line":196,"column":27}},"loc":{"start":{"line":196,"column":37},"end":{"line":209,"column":1}},"line":196},"30":{"name":"(anonymous_30)","decl":{"start":{"line":208,"column":14},"end":{"line":208,"column":15}},"loc":{"start":{"line":208,"column":26},"end":{"line":208,"column":41}},"line":208},"31":{"name":"deleteRestaurant","decl":{"start":{"line":211,"column":16},"end":{"line":211,"column":32}},"loc":{"start":{"line":211,"column":55},"end":{"line":223,"column":1}},"line":211},"32":{"name":"(anonymous_32)","decl":{"start":{"line":222,"column":14},"end":{"line":222,"column":15}},"loc":{"start":{"line":222,"column":26},"end":{"line":222,"column":41}},"line":222}},"branchMap":{"0":{"loc":{"start":{"line":38,"column":47},"end":{"line":38,"column":60}},"type":"default-arg","locations":[{"start":{"line":38,"column":58},"end":{"line":38,"column":60}}],"line":38},"1":{"loc":{"start":{"line":38,"column":68},"end":{"line":38,"column":78}},"type":"default-arg","locations":[{"start":{"line":38,"column":77},"end":{"line":38,"column":78}}],"line":38}},"s":{"0":1,"1":0,"2":0,"3":0,"4":0,"5":0,"6":0,"7":0,"8":0,"9":0,"10":0,"11":0,"12":0,"13":0,"14":0,"15":0,"16":0,"17":0,"18":0,"19":0,"20":0,"21":0,"22":0,"23":0,"24":0,"25":0,"26":0,"27":0,"28":0,"29":0,"30":0,"31":0,"32":0,"33":0,"34":0,"35":0,"36":0,"37":0,"38":0,"39":0,"40":0,"41":0,"42":0,"43":0,"44":0,"45":0,"46":0,"47":0,"48":0,"49":0,"50":0,"51":0,"52":0,"53":0,"54":0,"55":0,"56":0,"57":0,"58":0,"59":0,"60":0,"61":0,"62":0,"63":0,"64":0,"65":0},"f":{"0":0,"1":0,"2":0,"3":0,"4":0,"5":0,"6":0,"7":0,"8":0,"9":0,"10":0,"11":0,"12":0,"13":0,"14":0,"15":0,"16":0,"17":0,"18":0,"19":0,"20":0,"21":0,"22":0,"23":0,"24":0,"25":0,"26":0,"27":0,"28":0,"29":0,"30":0,"31":0,"32":0},"b":{"0":[0],"1":[0]},"_coverageSchema":"43e27e138ebf9cfc5966b082cf9a028302ed4184","hash":"f01c0aba650917f51a1b13b08439750fa02fffca"}
}
