TN:
SF:C:\Users\Admin\Desktop\Orbital\eats_by_js\component\BackButton.js
FN:4,(anonymous_0)
FNF:1
FNH:1
FNDA:1,(anonymous_0)
DA:4,1
DA:5,1
DA:16,1
LF:3
LH:3
BRF:0
BRH:0
end_of_record
TN:
SF:C:\Users\Admin\Desktop\Orbital\eats_by_js\component\DishButton.js
FN:4,(anonymous_0)
FNF:1
FNH:1
FNDA:1,(anonymous_0)
DA:4,1
DA:6,1
DA:8,1
DA:21,1
LF:4
LH:4
BRF:0
BRH:0
end_of_record
TN:
SF:C:\Users\Admin\Desktop\Orbital\eats_by_js\component\Loading.js
FN:5,(anonymous_0)
FN:12,(anonymous_1)
FN:22,(anonymous_2)
FNF:3
FNH:2
FNDA:1,(anonymous_0)
FNDA:0,(anonymous_1)
FNDA:1,(anonymous_2)
DA:6,1
DA:7,1
DA:13,0
DA:23,1
DA:27,1
DA:39,1
LF:6
LH:5
BRF:0
BRH:0
end_of_record
TN:
SF:C:\Users\Admin\Desktop\Orbital\eats_by_js\component\LoginButton.js
FN:4,(anonymous_0)
FNF:1
FNH:1
FNDA:1,(anonymous_0)
DA:4,1
DA:5,1
DA:16,1
LF:3
LH:3
BRF:0
BRH:0
end_of_record
TN:
SF:C:\Users\Admin\Desktop\Orbital\eats_by_js\component\MenuButton.js
FN:5,(anonymous_0)
FNF:1
FNH:1
FNDA:1,(anonymous_0)
DA:5,2
DA:6,1
DA:17,2
LF:3
LH:3
BRF:0
BRH:0
end_of_record
TN:
SF:C:\Users\Admin\Desktop\Orbital\eats_by_js\component\PageButton.js
FN:4,(anonymous_0)
FNF:1
FNH:1
FNDA:1,(anonymous_0)
DA:4,1
DA:5,1
DA:16,1
LF:3
LH:3
BRF:0
BRH:0
end_of_record
TN:
SF:C:\Users\Admin\Desktop\Orbital\eats_by_js\component\RestaurantButton.js
FN:5,(anonymous_0)
FN:43,(anonymous_1)
FNF:2
FNH:1
FNDA:1,(anonymous_0)
FNDA:0,(anonymous_1)
DA:5,1
DA:7,1
DA:9,1
DA:27,1
DA:44,0
DA:79,1
LF:6
LH:5
BRDA:10,0,0,0
BRDA:10,0,1,1
BRDA:12,1,0,0
BRDA:12,1,1,1
BRDA:14,2,0,0
BRDA:14,2,1,1
BRDA:34,3,0,0
BRDA:34,3,1,0
BRDA:35,4,0,0
BRDA:35,4,1,0
BRDA:36,5,0,0
BRDA:36,5,1,0
BRDA:49,6,0,0
BRDA:49,6,1,0
BRDA:61,7,0,0
BRDA:61,7,1,0
BRDA:63,8,0,0
BRDA:63,8,1,0
BRDA:65,9,0,0
BRDA:65,9,1,0
BRDA:68,10,0,0
BRDA:68,10,1,0
BRF:22
BRH:3
end_of_record
TN:
SF:C:\Users\Admin\Desktop\Orbital\eats_by_js\component\Review.js
FN:5,(anonymous_0)
FN:8,(anonymous_1)
FN:9,(anonymous_2)
FNF:3
FNH:1
FNDA:1,(anonymous_0)
FNDA:0,(anonymous_1)
FNDA:0,(anonymous_2)
DA:5,1
DA:6,1
DA:7,1
DA:8,1
DA:9,0
DA:11,1
DA:25,1
LF:7
LH:6
BRF:0
BRH:0
end_of_record
TN:
SF:C:\Users\Admin\Desktop\Orbital\eats_by_js\component\Tag.js
FN:4,(anonymous_0)
FNF:1
FNH:1
FNDA:1,(anonymous_0)
DA:4,2
DA:5,1
DA:18,2
LF:3
LH:3
BRF:0
BRH:0
end_of_record
TN:
SF:C:\Users\Admin\Desktop\Orbital\eats_by_js\container\SearchBarForMenu.js
FN:5,(anonymous_0)
FNF:1
FNH:1
FNDA:1,(anonymous_0)
DA:6,1
DA:7,1
DA:29,1
DA:31,1
LF:4
LH:4
BRF:0
BRH:0
end_of_record
TN:
SF:C:\Users\Admin\Desktop\Orbital\eats_by_js\container\SearchButton.js
FN:13,(anonymous_0)
FN:14,(anonymous_1)
FN:19,(anonymous_2)
FN:25,(anonymous_3)
FN:39,(anonymous_4)
FN:44,(anonymous_5)
FN:56,(anonymous_6)
FNF:7
FNH:1
FNDA:0,(anonymous_0)
FNDA:0,(anonymous_1)
FNDA:0,(anonymous_2)
FNDA:0,(anonymous_3)
FNDA:0,(anonymous_4)
FNDA:0,(anonymous_5)
FNDA:1,(anonymous_6)
DA:7,1
DA:14,0
DA:15,0
DA:20,0
DA:23,1
DA:25,1
DA:26,0
DA:29,0
DA:33,0
DA:39,1
DA:40,0
DA:41,0
DA:44,1
DA:45,0
DA:49,0
DA:53,0
DA:57,1
DA:58,1
DA:59,1
DA:60,1
DA:90,1
DA:92,1
LF:22
LH:11
BRDA:64,0,0,0
BRDA:64,0,1,1
BRDA:74,1,0,0
BRDA:74,1,1,0
BRDA:81,2,0,0
BRDA:81,2,1,0
BRF:6
BRH:1
end_of_record
TN:
SF:C:\Users\Admin\Desktop\Orbital\eats_by_js\helpers\apiHelpers.js
FN:28,getRestaurantsFromApi
FN:34,(anonymous_1)
FN:35,(anonymous_2)
FN:38,getPaginatedRestaurantsFromApi
FN:44,(anonymous_4)
FN:45,(anonymous_5)
FN:48,getRestaurantFromApi
FN:54,(anonymous_7)
FN:55,(anonymous_8)
FN:58,getTagsFromApi
FN:64,(anonymous_10)
FN:65,(anonymous_11)
FN:68,getDishesFromApi
FN:74,(anonymous_13)
FN:75,(anonymous_14)
FN:78,getRestaurantTagsFromApi
FN:84,(anonymous_16)
FN:85,(anonymous_17)
FN:88,postSignUp
FN:113,postLogin
FN:127,(anonymous_20)
FN:130,getProfileData
FN:142,(anonymous_22)
FN:143,(anonymous_23)
FN:146,getReviewsForRestaurant
FN:158,(anonymous_25)
FN:159,(anonymous_26)
FN:162,postReview
FN:193,(anonymous_28)
FN:196,getUsername
FN:208,(anonymous_30)
FN:211,deleteRestaurant
FN:222,(anonymous_32)
FNF:33
FNH:0
FNDA:0,getRestaurantsFromApi
FNDA:0,(anonymous_1)
FNDA:0,(anonymous_2)
FNDA:0,getPaginatedRestaurantsFromApi
FNDA:0,(anonymous_4)
FNDA:0,(anonymous_5)
FNDA:0,getRestaurantFromApi
FNDA:0,(anonymous_7)
FNDA:0,(anonymous_8)
FNDA:0,getTagsFromApi
FNDA:0,(anonymous_10)
FNDA:0,(anonymous_11)
FNDA:0,getDishesFromApi
FNDA:0,(anonymous_13)
FNDA:0,(anonymous_14)
FNDA:0,getRestaurantTagsFromApi
FNDA:0,(anonymous_16)
FNDA:0,(anonymous_17)
FNDA:0,postSignUp
FNDA:0,postLogin
FNDA:0,(anonymous_20)
FNDA:0,getProfileData
FNDA:0,(anonymous_22)
FNDA:0,(anonymous_23)
FNDA:0,getReviewsForRestaurant
FNDA:0,(anonymous_25)
FNDA:0,(anonymous_26)
FNDA:0,postReview
FNDA:0,(anonymous_28)
FNDA:0,getUsername
FNDA:0,(anonymous_30)
FNDA:0,deleteRestaurant
FNDA:0,(anonymous_32)
DA:26,1
DA:29,0
DA:33,0
DA:34,0
DA:35,0
DA:39,0
DA:43,0
DA:44,0
DA:45,0
DA:49,0
DA:53,0
DA:54,0
DA:55,0
DA:59,0
DA:63,0
DA:64,0
DA:65,0
DA:69,0
DA:73,0
DA:74,0
DA:75,0
DA:79,0
DA:83,0
DA:84,0
DA:85,0
DA:89,0
DA:90,0
DA:92,0
DA:103,0
DA:110,0
DA:114,0
DA:115,0
DA:117,0
DA:119,0
DA:126,0
DA:127,0
DA:131,0
DA:132,0
DA:133,0
DA:135,0
DA:141,0
DA:142,0
DA:143,0
DA:147,0
DA:148,0
DA:151,0
DA:157,0
DA:158,0
DA:159,0
DA:175,0
DA:176,0
DA:177,0
DA:179,0
DA:185,0
DA:192,0
DA:193,0
DA:197,0
DA:198,0
DA:201,0
DA:207,0
DA:208,0
DA:212,0
DA:213,0
DA:215,0
DA:221,0
DA:222,0
LF:66
LH:1
BRDA:38,0,0,0
BRDA:38,1,0,0
BRF:2
BRH:0
end_of_record
